<?xml version="1.0" encoding="UTF-8"?>
<testsuite name="com.mercury.chinesepinyinime.DictionaryLayerMergerTest" tests="2" skipped="0" failures="0" errors="0" timestamp="2026-07-13T06:17:21.786Z" hostname="MERCURYPOWER" time="0.003">
  <properties/>
  <testcase name="prioritize_restoresStrictSourcePriorityAfterRanking" classname="com.mercury.chinesepinyinime.DictionaryLayerMergerTest" time="0.002"/>
  <testcase name="merge_ordersManualThenLearnedThenBuiltInAndDeduplicates" classname="com.mercury.chinesepinyinime.DictionaryLayerMergerTest" time="0.001"/>
  <system-out><![CDATA[]]></system-out>
  <system-err><![CDATA[]]></system-err>
</testsuite>
