<?xml version="1.0" encoding="UTF-8"?>
<testsuite name="com.mercury.chinesepinyinime.ComputerManagerSessionTest" tests="2" skipped="0" failures="0" errors="0" timestamp="2026-07-13T06:17:21.770Z" hostname="MERCURYPOWER" time="0.01">
  <properties/>
  <testcase name="reopeningInvalidatesPreviousToken" classname="com.mercury.chinesepinyinime.ComputerManagerSessionTest" time="0.003"/>
  <testcase name="acceptsOnlyCurrentTokenAndIncreasingSequence" classname="com.mercury.chinesepinyinime.ComputerManagerSessionTest" time="0.001"/>
  <system-out><![CDATA[]]></system-out>
  <system-err><![CDATA[]]></system-err>
</testsuite>
