<?xml version="1.0" encoding="UTF-8"?>
<testsuite name="com.mercury.chinesepinyinime.DictionaryTsvCodecTest" tests="2" skipped="0" failures="0" errors="0" timestamp="2026-07-11T10:08:06.002Z" hostname="MERCURYPOWER" time="0.007">
  <properties/>
  <testcase name="writeCombined_manualEntryWinsAndOutputCanBeParsed" classname="com.mercury.chinesepinyinime.DictionaryTsvCodecTest" time="0.006"/>
  <testcase name="parse_keepsValidRowsAndHighestDuplicateWeight" classname="com.mercury.chinesepinyinime.DictionaryTsvCodecTest" time="0.0"/>
  <system-out><![CDATA[]]></system-out>
  <system-err><![CDATA[]]></system-err>
</testsuite>
